<?xml version="1.0" encoding="UTF-8"?>
<!-- Generated by org.testng.reporters.JUnitReportReporter -->
<testsuite hostname="NANDKUMAR1997" failures="0" tests="1" name="test.SwagLabLogInTest" time="4.812" errors="0" timestamp="2022-11-03T00:42:13 IST" skipped="0">
  <testcase classname="test.SwagLabLogInTest" name="SwagLabLogInTestWithValidCredentials" time="4.812"/>
  <system-out/>
</testsuite> <!-- test.SwagLabLogInTest -->
